<?xml version="1.0" encoding="UTF-8"?>
<!-- Generated by org.testng.reporters.JUnitXMLReporter -->
<testsuite hostname="BSl-BNG-L232" ignored="0" name="Default test" tests="2" failures="0" timestamp="2020-05-01T11:48:04 IST" time="0.079" errors="0">
  <testcase name="@BeforeTest init" time="-1.588313884485E9" classname="framework.Driver">
    <failure type="org.testng.TestNGException" message="
Parameter &amp;apos;deviceName_&amp;apos; is required by BeforeTest on method init but has not been marked @Optional or defined
in C:\Users\sashibhushan.puhan\AppData\Local\Temp\testng-eclipse-604241561\testng-customsuite.xml">
      <![CDATA[org.testng.TestNGException: 
Parameter 'deviceName_' is required by BeforeTest on method init but has not been marked @Optional or defined
in C:\Users\sashibhushan.puhan\AppData\Local\Temp\testng-eclipse-604241561\testng-customsuite.xml
at org.testng.internal.Parameters.createParams(Parameters.java:289)
at org.testng.internal.Parameters.createParametersForMethod(Parameters.java:377)
at org.testng.internal.Parameters.createParameters(Parameters.java:721)
at org.testng.internal.Parameters.createConfigurationParameters(Parameters.java:164)
at org.testng.internal.ConfigInvoker.invokeConfigurations(ConfigInvoker.java:275)
at org.testng.TestRunner.invokeTestConfigurations(TestRunner.java:623)
at org.testng.TestRunner.beforeRun(TestRunner.java:613)
at org.testng.TestRunner.run(TestRunner.java:584)
at org.testng.SuiteRunner.runTest(SuiteRunner.java:402)
at org.testng.SuiteRunner.runSequentially(SuiteRunner.java:396)
at org.testng.SuiteRunner.privateRun(SuiteRunner.java:355)
at org.testng.SuiteRunner.run(SuiteRunner.java:304)
at org.testng.SuiteRunnerWorker.runSuite(SuiteRunnerWorker.java:53)
at org.testng.SuiteRunnerWorker.run(SuiteRunnerWorker.java:96)
at org.testng.TestNG.runSuitesSequentially(TestNG.java:1180)
at org.testng.TestNG.runSuitesLocally(TestNG.java:1102)
at org.testng.TestNG.runSuites(TestNG.java:1032)
at org.testng.TestNG.run(TestNG.java:1000)
at org.testng.remote.AbstractRemoteTestNG.run(AbstractRemoteTestNG.java:115)
at org.testng.remote.RemoteTestNG.initAndRun(RemoteTestNG.java:251)
at org.testng.remote.RemoteTestNG.main(RemoteTestNG.java:77)
]]>
    </failure>
  </testcase> <!-- @BeforeTest init -->
  <testcase name="validateAmazonLoginPage" time="0.0" classname="TestCases.Sanity">
    <skipped/>
  </testcase> <!-- validateAmazonLoginPage -->
  <testcase name="validateSearchResutInAmazonSearchPage" time="0.0" classname="TestCases.Sanity">
    <skipped/>
  </testcase> <!-- validateSearchResutInAmazonSearchPage -->
</testsuite> <!-- Default test -->
